<?xml version="1.0" encoding="UTF-8"?>
<testng-results skipped="0" failed="0" ignored="0" total="1" passed="1">
  <reporter-output>
  </reporter-output>
  <suite name="Default suite" duration-ms="12736" started-at="2017-12-07T05:06:18Z" finished-at="2017-12-07T05:06:31Z">
    <groups>
    </groups>
    <test name="Default test" duration-ms="12736" started-at="2017-12-07T05:06:18Z" finished-at="2017-12-07T05:06:31Z">
      <class name="com.dice.step_definations.DiceTestNG">
        <test-method status="PASS" signature="setUp()[pri:0, instance:com.dice.step_definations.DiceTestNG@6d4b1c02]" name="setUp" is-config="true" duration-ms="5885" started-at="2017-12-07T00:06:18Z" finished-at="2017-12-07T00:06:24Z">
          <reporter-output>
          </reporter-output>
        </test-method> <!-- setUp -->
        <test-method status="PASS" signature="loginTest()[pri:0, instance:com.dice.step_definations.DiceTestNG@6d4b1c02]" name="loginTest" duration-ms="6838" started-at="2017-12-07T00:06:24Z" finished-at="2017-12-07T00:06:31Z">
          <reporter-output>
          </reporter-output>
        </test-method> <!-- loginTest -->
      </class> <!-- com.dice.step_definations.DiceTestNG -->
    </test> <!-- Default test -->
  </suite> <!-- Default suite -->
</testng-results>
